<?xml version="1.0" encoding="UTF-8"?>
<!-- Generated by org.testng.reporters.JUnitXMLReporter -->
<testsuite ignored="0" hostname="DESKTOP-PK5F6A8" failures="3" tests="5" name="Sauce Demo TestNG Tests" time="41.146" errors="0" timestamp="2025-06-29T19:26:22 IST">
  <testcase classname="com.testproject.tests.SauceDemoTestNGTest" name="testAddIndividualItemsToCart" time="2.683">
    <failure type="org.junit.ComparisonFailure" message="expected:&amp;lt;&amp;quot;[1]&amp;quot;&amp;gt; but was:&amp;lt;&amp;quot;[0]&amp;quot;&amp;gt;">
      <![CDATA[org.junit.ComparisonFailure: expected:<"[1]"> but was:<"[0]">
at com.testproject.tests.SauceDemoTestNGTest.testAddIndividualItemsToCart(SauceDemoTestNGTest.java:148)
at java.base/java.util.ArrayList.forEach(ArrayList.java:1541)
... Removed 30 stack frames]]>
    </failure>
  </testcase> <!-- testAddIndividualItemsToCart -->
  <testcase classname="com.testproject.tests.SauceDemoTestNGTest" name="testCheckoutProcess" time="14.501">
    <failure type="org.openqa.selenium.TimeoutException" message="Expected condition failed: waiting for element to be clickable: By.id: finish (tried for 10 second(s) with 500 milliseconds interval)
Build info: version: &amp;apos;4.15.0&amp;apos;, revision: &amp;apos;1d14b5521b&amp;apos;
System info: os.name: &amp;apos;Windows 11&amp;apos;, os.arch: &amp;apos;amd64&amp;apos;, os.version: &amp;apos;10.0&amp;apos;, java.version: &amp;apos;11.0.26&amp;apos;
Driver info: org.openqa.selenium.chrome.ChromeDriver
Capabilities {acceptInsecureCerts: false, browserName: chrome, browserVersion: 137.0.7151.119, chrome: {chromedriverVersion: 137.0.7151.119 (e0ac9d12dff..., userDataDir: C:\Users\Amol\AppData\Local...}, fedcm:accounts: true, goog:chromeOptions: {debuggerAddress: localhost:58211}, networkConnectionEnabled: false, pageLoadStrategy: normal, platformName: windows, proxy: Proxy(), se:cdp: ws://localhost:58211/devtoo..., se:cdpVersion: 137.0.7151.119, setWindowRect: true, strictFileInteractability: false, timeouts: {implicit: 0, pageLoad: 300000, script: 30000}, unhandledPromptBehavior: dismiss and notify, webauthn:extension:credBlob: true, webauthn:extension:largeBlob: true, webauthn:extension:minPinLength: true, webauthn:extension:prf: true, webauthn:virtualAuthenticators: true}
Session ID: 076a4277dd44002dc8c54e2bf75ded44">
      <![CDATA[org.openqa.selenium.TimeoutException: Expected condition failed: waiting for element to be clickable: By.id: finish (tried for 10 second(s) with 500 milliseconds interval)
Build info: version: '4.15.0', revision: '1d14b5521b'
System info: os.name: 'Windows 11', os.arch: 'amd64', os.version: '10.0', java.version: '11.0.26'
Driver info: org.openqa.selenium.chrome.ChromeDriver
Capabilities {acceptInsecureCerts: false, browserName: chrome, browserVersion: 137.0.7151.119, chrome: {chromedriverVersion: 137.0.7151.119 (e0ac9d12dff..., userDataDir: C:\Users\Amol\AppData\Local...}, fedcm:accounts: true, goog:chromeOptions: {debuggerAddress: localhost:58211}, networkConnectionEnabled: false, pageLoadStrategy: normal, platformName: windows, proxy: Proxy(), se:cdp: ws://localhost:58211/devtoo..., se:cdpVersion: 137.0.7151.119, setWindowRect: true, strictFileInteractability: false, timeouts: {implicit: 0, pageLoad: 300000, script: 30000}, unhandledPromptBehavior: dismiss and notify, webauthn:extension:credBlob: true, webauthn:extension:largeBlob: true, webauthn:extension:minPinLength: true, webauthn:extension:prf: true, webauthn:virtualAuthenticators: true}
Session ID: 076a4277dd44002dc8c54e2bf75ded44
at org.openqa.selenium.support.ui.WebDriverWait.timeoutException(WebDriverWait.java:84)
at org.openqa.selenium.support.ui.FluentWait.until(FluentWait.java:229)
at com.testproject.tests.SauceDemoTestNGTest.testCheckoutProcess(SauceDemoTestNGTest.java:192)
at java.base/java.util.ArrayList.forEach(ArrayList.java:1541)
... Removed 27 stack frames]]>
    </failure>
  </testcase> <!-- testCheckoutProcess -->
  <testcase classname="com.testproject.tests.SauceDemoTestNGTest" name="testCompleteShoppingFlow" time="2.488">
    <failure type="org.junit.ComparisonFailure" message="expected:&amp;lt;&amp;quot;[3]&amp;quot;&amp;gt; but was:&amp;lt;&amp;quot;[0]&amp;quot;&amp;gt;">
      <![CDATA[org.junit.ComparisonFailure: expected:<"[3]"> but was:<"[0]">
at com.testproject.tests.SauceDemoTestNGTest.testCompleteShoppingFlow(SauceDemoTestNGTest.java:78)
at java.base/java.util.ArrayList.forEach(ArrayList.java:1541)
... Removed 30 stack frames]]>
    </failure>
  </testcase> <!-- testCompleteShoppingFlow -->
  <testcase classname="com.testproject.tests.SauceDemoTestNGTest" name="testLoginAndTitleVerification" time="3.047"/>
  <testcase classname="com.testproject.tests.SauceDemoTestNGTest" name="testLoginWithDataProvider" time="1.951"/>
</testsuite> <!-- Sauce Demo TestNG Tests -->
